d:\project\ice\ice\debug\vc140.pdb
d:\project\ice\ice\debug\vc140.idb
d:\project\ice\ice\debug\main.obj
d:\project\ice\ice\debug\pg_log.obj
d:\project\ice\ice\debug\pg_timer.obj
d:\project\ice\ice\debug\agent.obj
d:\project\ice\ice\debug\candidate.obj
d:\project\ice\ice\debug\channel.obj
d:\project\ice\ice\debug\media.obj
d:\project\ice\ice\debug\peer.obj
d:\project\ice\ice\debug\session.obj
d:\project\ice\debug\ice.ilk
d:\project\ice\debug\ice.exe
d:\project\ice\debug\ice.pdb
d:\project\ice\ice\debug\ice.tlog\cl.command.1.tlog
d:\project\ice\ice\debug\ice.tlog\cl.read.1.tlog
d:\project\ice\ice\debug\ice.tlog\cl.write.1.tlog
d:\project\ice\ice\debug\ice.tlog\link.command.1.tlog
d:\project\ice\ice\debug\ice.tlog\link.read.1.tlog
d:\project\ice\ice\debug\ice.tlog\link.write.1.tlog
