d:\project\ice\ice\x64\debug\vc140.pdb
d:\project\ice\ice\x64\debug\vc140.idb
d:\project\ice\ice\x64\debug\main.obj
d:\project\ice\ice\x64\debug\pg_buffer.obj
d:\project\ice\ice\x64\debug\pg_log.obj
d:\project\ice\ice\x64\debug\pg_msg.obj
d:\project\ice\ice\x64\debug\pg_object.obj
d:\project\ice\ice\x64\debug\pg_timer.obj
d:\project\ice\ice\x64\debug\pg_util.obj
d:\project\ice\ice\x64\debug\agent.obj
d:\project\ice\ice\x64\debug\candidate.obj
d:\project\ice\ice\x64\debug\channel.obj
d:\project\ice\ice\x64\debug\media.obj
d:\project\ice\ice\x64\debug\ping.obj
d:\project\ice\ice\x64\debug\sdp.obj
d:\project\ice\ice\x64\debug\session.obj
d:\project\ice\ice\x64\debug\stream.obj
d:\project\ice\ice\x64\debug\stunmsg.obj
d:\project\ice\ice\x64\debug\stunprotocol.obj
d:\project\ice\x64\debug\ice.ilk
d:\project\ice\x64\debug\ice.exe
d:\project\ice\x64\debug\ice.pdb
d:\project\ice\ice\x64\debug\ice.tlog\cl.command.1.tlog
d:\project\ice\ice\x64\debug\ice.tlog\cl.read.1.tlog
d:\project\ice\ice\x64\debug\ice.tlog\cl.write.1.tlog
d:\project\ice\ice\x64\debug\ice.tlog\link.command.1.tlog
d:\project\ice\ice\x64\debug\ice.tlog\link.read.1.tlog
d:\project\ice\ice\x64\debug\ice.tlog\link.write.1.tlog
